#! /usr/bin/vvp
:ivl_version "10.3 (stable)";
:ivl_delay_selection "TYPICAL";
:vpi_time_precision + 0;
:vpi_module "system";
:vpi_module "vhdl_sys";
:vpi_module "v2005_math";
:vpi_module "va_math";
S_0x5606d9896030 .scope module, "CPU" "CPU" 2 1;
 .timescale 0 0;
    .port_info 0 /INPUT 1 "clk"
    .port_info 1 /INPUT 1 "rst"
    .port_info 2 /INPUT 32 "data_out"
    .port_info 3 /INPUT 32 "instr_out"
    .port_info 4 /OUTPUT 1 "instr_read"
    .port_info 5 /OUTPUT 1 "data_read"
    .port_info 6 /OUTPUT 32 "instr_addr"
    .port_info 7 /OUTPUT 32 "data_addr"
    .port_info 8 /OUTPUT 4 "data_write"
    .port_info 9 /OUTPUT 32 "data_in"
P_0x5606d98961b0 .param/l "Execute_state" 0 2 31, C4<011>;
P_0x5606d98961f0 .param/l "Finish_state" 0 2 34, C4<110>;
P_0x5606d9896230 .param/l "Idle_state" 0 2 28, C4<000>;
P_0x5606d9896270 .param/l "Instruction_Decode_state" 0 2 30, C4<010>;
P_0x5606d98962b0 .param/l "Instruction_Fetch_state" 0 2 29, C4<001>;
P_0x5606d98962f0 .param/l "Memory_Access_state" 0 2 32, C4<100>;
P_0x5606d9896330 .param/l "Write_Back_state" 0 2 33, C4<101>;
v0x5606d98ca2a0_0 .var "CurrentState", 2 0;
v0x5606d98ca340_0 .var "Execute", 0 0;
v0x5606d98cadd0_0 .var "Immediate", 31 0;
v0x5606d98cae70_0 .var "Instruction_Decode", 0 0;
v0x5606d98f7780_0 .var "Instruction_Fetch", 0 0;
v0x5606d98f7820_0 .var "Memory_Access", 0 0;
v0x5606d98f8b50_0 .var "NextState", 2 0;
v0x5606d991b090 .array "Register", 0 31, 31 0;
v0x5606d991b150_0 .var "Write_Back", 0 0;
o0x7f2aff57c198 .functor BUFZ 1, C4<z>; HiZ drive
v0x5606d991b210_0 .net "clk", 0 0, o0x7f2aff57c198;  0 drivers
v0x5606d991b2d0_0 .var "data_addr", 31 0;
v0x5606d991b3b0_0 .var "data_in", 31 0;
o0x7f2aff57c228 .functor BUFZ 32, C4<zzzzzzzzzzzzzzzzzzzzzzzzzzzzzzzz>; HiZ drive
v0x5606d991b490_0 .net "data_out", 31 0, o0x7f2aff57c228;  0 drivers
L_0x7f2aff533060 .functor BUFT 1, C4<1>, C4<0>, C4<0>, C4<0>;
v0x5606d991b570_0 .net "data_read", 0 0, L_0x7f2aff533060;  1 drivers
v0x5606d991b630_0 .var "data_write", 3 0;
v0x5606d991b710_0 .net "funct3", 2 0, L_0x5606d991c4e0;  1 drivers
v0x5606d991b7f0_0 .net "funct7", 6 0, L_0x5606d991c860;  1 drivers
v0x5606d991b9e0_0 .var/i "i", 31 0;
v0x5606d991bac0_0 .var "instr_addr", 31 0;
o0x7f2aff57c378 .functor BUFZ 32, C4<zzzzzzzzzzzzzzzzzzzzzzzzzzzzzzzz>; HiZ drive
v0x5606d991bba0_0 .net "instr_out", 31 0, o0x7f2aff57c378;  0 drivers
L_0x7f2aff533018 .functor BUFT 1, C4<1>, C4<0>, C4<0>, C4<0>;
v0x5606d991bc80_0 .net "instr_read", 0 0, L_0x7f2aff533018;  1 drivers
v0x5606d991bd40_0 .net "opcode", 6 0, L_0x5606d991c3a0;  1 drivers
v0x5606d991be20_0 .net "rd", 4 0, L_0x5606d991c440;  1 drivers
v0x5606d991bf00_0 .net "rs1", 4 0, L_0x5606d991c580;  1 drivers
v0x5606d991bfe0_0 .net "rs2", 4 0, L_0x5606d991c680;  1 drivers
o0x7f2aff57c498 .functor BUFZ 1, C4<z>; HiZ drive
v0x5606d991c0c0_0 .net "rst", 0 0, o0x7f2aff57c498;  0 drivers
v0x5606d991c180_0 .net "shamt", 4 0, L_0x5606d991c750;  1 drivers
E_0x5606d98cf220 .event edge, v0x5606d98ca2a0_0;
E_0x5606d98cf800 .event posedge, v0x5606d991c0c0_0, v0x5606d991b210_0;
L_0x5606d991c3a0 .part o0x7f2aff57c378, 0, 7;
L_0x5606d991c440 .part o0x7f2aff57c378, 7, 5;
L_0x5606d991c4e0 .part o0x7f2aff57c378, 12, 3;
L_0x5606d991c580 .part o0x7f2aff57c378, 15, 5;
L_0x5606d991c680 .part o0x7f2aff57c378, 20, 5;
L_0x5606d991c750 .part o0x7f2aff57c378, 20, 5;
L_0x5606d991c860 .part o0x7f2aff57c378, 25, 7;
    .scope S_0x5606d9896030;
T_0 ;
    %wait E_0x5606d98cf800;
    %load/vec4 v0x5606d991c0c0_0;
    %flag_set/vec4 8;
    %jmp/0xz  T_0.0, 8;
    %pushi/vec4 0, 0, 32;
    %assign/vec4 v0x5606d98cadd0_0, 0;
    %jmp T_0.1;
T_0.0 ;
    %load/vec4 v0x5606d98cae70_0;
    %flag_set/vec4 8;
    %jmp/0xz  T_0.2, 8;
    %load/vec4 v0x5606d991bd40_0;
    %dup/vec4;
    %pushi/vec4 3, 0, 7;
    %cmp/u;
    %jmp/1 T_0.4, 6;
    %dup/vec4;
    %pushi/vec4 19, 0, 7;
    %cmp/u;
    %jmp/1 T_0.5, 6;
    %dup/vec4;
    %pushi/vec4 103, 0, 7;
    %cmp/u;
    %jmp/1 T_0.6, 6;
    %dup/vec4;
    %pushi/vec4 35, 0, 7;
    %cmp/u;
    %jmp/1 T_0.7, 6;
    %dup/vec4;
    %pushi/vec4 99, 0, 7;
    %cmp/u;
    %jmp/1 T_0.8, 6;
    %dup/vec4;
    %pushi/vec4 23, 0, 7;
    %cmp/u;
    %jmp/1 T_0.9, 6;
    %dup/vec4;
    %pushi/vec4 55, 0, 7;
    %cmp/u;
    %jmp/1 T_0.10, 6;
    %dup/vec4;
    %pushi/vec4 111, 0, 7;
    %cmp/u;
    %jmp/1 T_0.11, 6;
    %jmp T_0.12;
T_0.4 ;
    %load/vec4 v0x5606d991bba0_0;
    %parti/s 12, 20, 6;
    %ix/load 4, 0, 0;
    %ix/load 5, 0, 0;
    %flag_set/imm 4, 0;
    %assign/vec4/off/d v0x5606d98cadd0_0, 4, 5;
    %load/vec4 v0x5606d991bba0_0;
    %parti/s 1, 31, 6;
    %flag_set/vec4 8;
    %jmp/0 T_0.13, 8;
    %pushi/vec4 1048575, 0, 20;
    %jmp/1 T_0.14, 8;
T_0.13 ; End of true expr.
    %pushi/vec4 0, 0, 20;
    %jmp/0 T_0.14, 8;
 ; End of false expr.
    %blend;
T_0.14;
    %ix/load 4, 12, 0;
    %ix/load 5, 0, 0;
    %flag_set/imm 4, 0;
    %assign/vec4/off/d v0x5606d98cadd0_0, 4, 5;
    %jmp T_0.12;
T_0.5 ;
    %load/vec4 v0x5606d991bba0_0;
    %parti/s 12, 20, 6;
    %ix/load 4, 0, 0;
    %ix/load 5, 0, 0;
    %flag_set/imm 4, 0;
    %assign/vec4/off/d v0x5606d98cadd0_0, 4, 5;
    %load/vec4 v0x5606d991bba0_0;
    %parti/s 1, 31, 6;
    %flag_set/vec4 8;
    %jmp/0 T_0.15, 8;
    %pushi/vec4 1048575, 0, 20;
    %jmp/1 T_0.16, 8;
T_0.15 ; End of true expr.
    %pushi/vec4 0, 0, 20;
    %jmp/0 T_0.16, 8;
 ; End of false expr.
    %blend;
T_0.16;
    %ix/load 4, 12, 0;
    %ix/load 5, 0, 0;
    %flag_set/imm 4, 0;
    %assign/vec4/off/d v0x5606d98cadd0_0, 4, 5;
    %jmp T_0.12;
T_0.6 ;
    %load/vec4 v0x5606d991bba0_0;
    %parti/s 12, 20, 6;
    %ix/load 4, 0, 0;
    %ix/load 5, 0, 0;
    %flag_set/imm 4, 0;
    %assign/vec4/off/d v0x5606d98cadd0_0, 4, 5;
    %load/vec4 v0x5606d991bba0_0;
    %parti/s 1, 31, 6;
    %flag_set/vec4 8;
    %jmp/0 T_0.17, 8;
    %pushi/vec4 1048575, 0, 20;
    %jmp/1 T_0.18, 8;
T_0.17 ; End of true expr.
    %pushi/vec4 0, 0, 20;
    %jmp/0 T_0.18, 8;
 ; End of false expr.
    %blend;
T_0.18;
    %ix/load 4, 12, 0;
    %ix/load 5, 0, 0;
    %flag_set/imm 4, 0;
    %assign/vec4/off/d v0x5606d98cadd0_0, 4, 5;
    %jmp T_0.12;
T_0.7 ;
    %load/vec4 v0x5606d991bba0_0;
    %parti/s 1, 31, 6;
    %flag_set/vec4 8;
    %jmp/0 T_0.19, 8;
    %pushi/vec4 1048575, 0, 20;
    %jmp/1 T_0.20, 8;
T_0.19 ; End of true expr.
    %pushi/vec4 0, 0, 20;
    %jmp/0 T_0.20, 8;
 ; End of false expr.
    %blend;
T_0.20;
    %ix/load 4, 12, 0;
    %ix/load 5, 0, 0;
    %flag_set/imm 4, 0;
    %assign/vec4/off/d v0x5606d98cadd0_0, 4, 5;
    %load/vec4 v0x5606d991bba0_0;
    %parti/s 7, 25, 6;
    %ix/load 4, 5, 0;
    %ix/load 5, 0, 0;
    %flag_set/imm 4, 0;
    %assign/vec4/off/d v0x5606d98cadd0_0, 4, 5;
    %load/vec4 v0x5606d991bba0_0;
    %parti/s 5, 7, 4;
    %ix/load 4, 0, 0;
    %ix/load 5, 0, 0;
    %flag_set/imm 4, 0;
    %assign/vec4/off/d v0x5606d98cadd0_0, 4, 5;
    %jmp T_0.12;
T_0.8 ;
    %load/vec4 v0x5606d991bba0_0;
    %parti/s 1, 31, 6;
    %flag_set/vec4 8;
    %jmp/0 T_0.21, 8;
    %pushi/vec4 524287, 0, 19;
    %jmp/1 T_0.22, 8;
T_0.21 ; End of true expr.
    %pushi/vec4 0, 0, 19;
    %jmp/0 T_0.22, 8;
 ; End of false expr.
    %blend;
T_0.22;
    %ix/load 4, 13, 0;
    %ix/load 5, 0, 0;
    %flag_set/imm 4, 0;
    %assign/vec4/off/d v0x5606d98cadd0_0, 4, 5;
    %load/vec4 v0x5606d991bba0_0;
    %parti/s 1, 31, 6;
    %ix/load 4, 12, 0;
    %ix/load 5, 0, 0;
    %flag_set/imm 4, 0;
    %assign/vec4/off/d v0x5606d98cadd0_0, 4, 5;
    %load/vec4 v0x5606d991bba0_0;
    %parti/s 1, 7, 4;
    %ix/load 4, 11, 0;
    %ix/load 5, 0, 0;
    %flag_set/imm 4, 0;
    %assign/vec4/off/d v0x5606d98cadd0_0, 4, 5;
    %load/vec4 v0x5606d991bba0_0;
    %parti/s 6, 25, 6;
    %ix/load 4, 5, 0;
    %ix/load 5, 0, 0;
    %flag_set/imm 4, 0;
    %assign/vec4/off/d v0x5606d98cadd0_0, 4, 5;
    %load/vec4 v0x5606d991bba0_0;
    %parti/s 4, 8, 5;
    %ix/load 4, 1, 0;
    %ix/load 5, 0, 0;
    %flag_set/imm 4, 0;
    %assign/vec4/off/d v0x5606d98cadd0_0, 4, 5;
    %pushi/vec4 0, 0, 1;
    %ix/load 4, 0, 0;
    %ix/load 5, 0, 0;
    %flag_set/imm 4, 0;
    %assign/vec4/off/d v0x5606d98cadd0_0, 4, 5;
    %jmp T_0.12;
T_0.9 ;
    %load/vec4 v0x5606d991bba0_0;
    %parti/s 20, 12, 5;
    %ix/load 4, 12, 0;
    %ix/load 5, 0, 0;
    %flag_set/imm 4, 0;
    %assign/vec4/off/d v0x5606d98cadd0_0, 4, 5;
    %pushi/vec4 0, 0, 12;
    %ix/load 4, 0, 0;
    %ix/load 5, 0, 0;
    %flag_set/imm 4, 0;
    %assign/vec4/off/d v0x5606d98cadd0_0, 4, 5;
    %jmp T_0.12;
T_0.10 ;
    %load/vec4 v0x5606d991bba0_0;
    %parti/s 20, 12, 5;
    %ix/load 4, 12, 0;
    %ix/load 5, 0, 0;
    %flag_set/imm 4, 0;
    %assign/vec4/off/d v0x5606d98cadd0_0, 4, 5;
    %pushi/vec4 0, 0, 12;
    %ix/load 4, 0, 0;
    %ix/load 5, 0, 0;
    %flag_set/imm 4, 0;
    %assign/vec4/off/d v0x5606d98cadd0_0, 4, 5;
    %jmp T_0.12;
T_0.11 ;
    %load/vec4 v0x5606d991bba0_0;
    %parti/s 1, 31, 6;
    %ix/load 4, 20, 0;
    %ix/load 5, 0, 0;
    %flag_set/imm 4, 0;
    %assign/vec4/off/d v0x5606d98cadd0_0, 4, 5;
    %load/vec4 v0x5606d991bba0_0;
    %parti/s 8, 12, 5;
    %ix/load 4, 12, 0;
    %ix/load 5, 0, 0;
    %flag_set/imm 4, 0;
    %assign/vec4/off/d v0x5606d98cadd0_0, 4, 5;
    %load/vec4 v0x5606d991bba0_0;
    %parti/s 1, 20, 6;
    %ix/load 4, 11, 0;
    %ix/load 5, 0, 0;
    %flag_set/imm 4, 0;
    %assign/vec4/off/d v0x5606d98cadd0_0, 4, 5;
    %load/vec4 v0x5606d991bba0_0;
    %parti/s 10, 21, 6;
    %ix/load 4, 1, 0;
    %ix/load 5, 0, 0;
    %flag_set/imm 4, 0;
    %assign/vec4/off/d v0x5606d98cadd0_0, 4, 5;
    %pushi/vec4 0, 0, 1;
    %ix/load 4, 0, 0;
    %ix/load 5, 0, 0;
    %flag_set/imm 4, 0;
    %assign/vec4/off/d v0x5606d98cadd0_0, 4, 5;
    %jmp T_0.12;
T_0.12 ;
    %pop/vec4 1;
T_0.2 ;
T_0.1 ;
    %jmp T_0;
    .thread T_0;
    .scope S_0x5606d9896030;
T_1 ;
    %wait E_0x5606d98cf800;
    %load/vec4 v0x5606d991c0c0_0;
    %flag_set/vec4 8;
    %jmp/0xz  T_1.0, 8;
    %pushi/vec4 0, 0, 32;
    %store/vec4 v0x5606d991b9e0_0, 0, 32;
T_1.2 ;
    %load/vec4 v0x5606d991b9e0_0;
    %cmpi/s 32, 0, 32;
    %jmp/0xz T_1.3, 5;
    %pushi/vec4 0, 0, 32;
    %ix/getv/s 3, v0x5606d991b9e0_0;
    %ix/load 4, 0, 0; Constant delay
    %assign/vec4/a/d v0x5606d991b090, 0, 4;
    %load/vec4 v0x5606d991b9e0_0;
    %addi 1, 0, 32;
    %store/vec4 v0x5606d991b9e0_0, 0, 32;
    %jmp T_1.2;
T_1.3 ;
    %jmp T_1.1;
T_1.0 ;
    %load/vec4 v0x5606d991b150_0;
    %flag_set/vec4 8;
    %jmp/0xz  T_1.4, 8;
    %load/vec4 v0x5606d991bd40_0;
    %dup/vec4;
    %pushi/vec4 51, 0, 7;
    %cmp/u;
    %jmp/1 T_1.6, 6;
    %dup/vec4;
    %pushi/vec4 3, 0, 7;
    %cmp/u;
    %jmp/1 T_1.7, 6;
    %dup/vec4;
    %pushi/vec4 19, 0, 7;
    %cmp/u;
    %jmp/1 T_1.8, 6;
    %dup/vec4;
    %pushi/vec4 103, 0, 7;
    %cmp/u;
    %jmp/1 T_1.9, 6;
    %dup/vec4;
    %pushi/vec4 23, 0, 7;
    %cmp/u;
    %jmp/1 T_1.10, 6;
    %dup/vec4;
    %pushi/vec4 55, 0, 7;
    %cmp/u;
    %jmp/1 T_1.11, 6;
    %dup/vec4;
    %pushi/vec4 111, 0, 7;
    %cmp/u;
    %jmp/1 T_1.12, 6;
    %jmp T_1.13;
T_1.6 ;
    %load/vec4 v0x5606d991b710_0;
    %dup/vec4;
    %pushi/vec4 0, 0, 3;
    %cmp/u;
    %jmp/1 T_1.14, 6;
    %dup/vec4;
    %pushi/vec4 1, 0, 3;
    %cmp/u;
    %jmp/1 T_1.15, 6;
    %dup/vec4;
    %pushi/vec4 4, 0, 3;
    %cmp/u;
    %jmp/1 T_1.16, 6;
    %dup/vec4;
    %pushi/vec4 6, 0, 3;
    %cmp/u;
    %jmp/1 T_1.17, 6;
    %dup/vec4;
    %pushi/vec4 7, 0, 3;
    %cmp/u;
    %jmp/1 T_1.18, 6;
    %jmp T_1.19;
T_1.14 ;
    %load/vec4 v0x5606d991b7f0_0;
    %dup/vec4;
    %pushi/vec4 0, 0, 7;
    %cmp/u;
    %jmp/1 T_1.20, 6;
    %dup/vec4;
    %pushi/vec4 32, 0, 7;
    %cmp/u;
    %jmp/1 T_1.21, 6;
    %jmp T_1.22;
T_1.20 ;
    %load/vec4 v0x5606d991bf00_0;
    %pad/u 7;
    %ix/vec4 4;
    %load/vec4a v0x5606d991b090, 4;
    %load/vec4 v0x5606d991bfe0_0;
    %pad/u 7;
    %ix/vec4 4;
    %load/vec4a v0x5606d991b090, 4;
    %add;
    %load/vec4 v0x5606d991be20_0;
    %pad/u 7;
    %ix/vec4 3;
    %ix/load 4, 0, 0; Constant delay
    %assign/vec4/a/d v0x5606d991b090, 0, 4;
    %jmp T_1.22;
T_1.21 ;
    %load/vec4 v0x5606d991bf00_0;
    %pad/u 7;
    %ix/vec4 4;
    %load/vec4a v0x5606d991b090, 4;
    %load/vec4 v0x5606d991bfe0_0;
    %pad/u 7;
    %ix/vec4 4;
    %load/vec4a v0x5606d991b090, 4;
    %sub;
    %load/vec4 v0x5606d991be20_0;
    %pad/u 7;
    %ix/vec4 3;
    %ix/load 4, 0, 0; Constant delay
    %assign/vec4/a/d v0x5606d991b090, 0, 4;
    %jmp T_1.22;
T_1.22 ;
    %pop/vec4 1;
    %jmp T_1.19;
T_1.15 ;
    %load/vec4 v0x5606d991b7f0_0;
    %dup/vec4;
    %pushi/vec4 0, 0, 7;
    %cmp/u;
    %jmp/1 T_1.23, 6;
    %jmp T_1.24;
T_1.23 ;
    %load/vec4 v0x5606d991bf00_0;
    %pad/u 7;
    %ix/vec4 4;
    %load/vec4a v0x5606d991b090, 4;
    %load/vec4 v0x5606d991bfe0_0;
    %pad/u 7;
    %ix/vec4 5;
    %load/vec4a v0x5606d991b090, 5;
    %parti/s 5, 0, 2;
    %ix/vec4 4;
    %shiftl 4;
    %load/vec4 v0x5606d991be20_0;
    %pad/u 7;
    %ix/vec4 3;
    %ix/load 4, 0, 0; Constant delay
    %assign/vec4/a/d v0x5606d991b090, 0, 4;
    %jmp T_1.24;
T_1.24 ;
    %pop/vec4 1;
    %jmp T_1.19;
T_1.16 ;
    %load/vec4 v0x5606d991b7f0_0;
    %dup/vec4;
    %pushi/vec4 0, 0, 7;
    %cmp/u;
    %jmp/1 T_1.25, 6;
    %jmp T_1.26;
T_1.25 ;
    %load/vec4 v0x5606d991bf00_0;
    %pad/u 7;
    %ix/vec4 4;
    %load/vec4a v0x5606d991b090, 4;
    %load/vec4 v0x5606d991bfe0_0;
    %pad/u 7;
    %ix/vec4 4;
    %load/vec4a v0x5606d991b090, 4;
    %xor;
    %load/vec4 v0x5606d991be20_0;
    %pad/u 7;
    %ix/vec4 3;
    %ix/load 4, 0, 0; Constant delay
    %assign/vec4/a/d v0x5606d991b090, 0, 4;
    %jmp T_1.26;
T_1.26 ;
    %pop/vec4 1;
    %jmp T_1.19;
T_1.17 ;
    %load/vec4 v0x5606d991b7f0_0;
    %dup/vec4;
    %pushi/vec4 0, 0, 7;
    %cmp/u;
    %jmp/1 T_1.27, 6;
    %jmp T_1.28;
T_1.27 ;
    %load/vec4 v0x5606d991bf00_0;
    %pad/u 7;
    %ix/vec4 4;
    %load/vec4a v0x5606d991b090, 4;
    %load/vec4 v0x5606d991bfe0_0;
    %pad/u 7;
    %ix/vec4 4;
    %load/vec4a v0x5606d991b090, 4;
    %or;
    %load/vec4 v0x5606d991be20_0;
    %pad/u 7;
    %ix/vec4 3;
    %ix/load 4, 0, 0; Constant delay
    %assign/vec4/a/d v0x5606d991b090, 0, 4;
    %jmp T_1.28;
T_1.28 ;
    %pop/vec4 1;
    %jmp T_1.19;
T_1.18 ;
    %load/vec4 v0x5606d991b7f0_0;
    %dup/vec4;
    %pushi/vec4 0, 0, 7;
    %cmp/u;
    %jmp/1 T_1.29, 6;
    %jmp T_1.30;
T_1.29 ;
    %load/vec4 v0x5606d991bf00_0;
    %pad/u 7;
    %ix/vec4 4;
    %load/vec4a v0x5606d991b090, 4;
    %load/vec4 v0x5606d991bfe0_0;
    %pad/u 7;
    %ix/vec4 4;
    %load/vec4a v0x5606d991b090, 4;
    %and;
    %load/vec4 v0x5606d991be20_0;
    %pad/u 7;
    %ix/vec4 3;
    %ix/load 4, 0, 0; Constant delay
    %assign/vec4/a/d v0x5606d991b090, 0, 4;
    %jmp T_1.30;
T_1.30 ;
    %pop/vec4 1;
    %jmp T_1.19;
T_1.19 ;
    %pop/vec4 1;
    %jmp T_1.13;
T_1.7 ;
    %load/vec4 v0x5606d991b710_0;
    %dup/vec4;
    %pushi/vec4 2, 0, 3;
    %cmp/u;
    %jmp/1 T_1.31, 6;
    %jmp T_1.32;
T_1.31 ;
    %load/vec4 v0x5606d991b490_0;
    %load/vec4 v0x5606d991be20_0;
    %pad/u 7;
    %ix/vec4 3;
    %ix/load 4, 0, 0; Constant delay
    %assign/vec4/a/d v0x5606d991b090, 0, 4;
    %jmp T_1.32;
T_1.32 ;
    %pop/vec4 1;
    %jmp T_1.13;
T_1.8 ;
    %load/vec4 v0x5606d991b710_0;
    %dup/vec4;
    %pushi/vec4 0, 0, 3;
    %cmp/u;
    %jmp/1 T_1.33, 6;
    %dup/vec4;
    %pushi/vec4 4, 0, 3;
    %cmp/u;
    %jmp/1 T_1.34, 6;
    %dup/vec4;
    %pushi/vec4 6, 0, 3;
    %cmp/u;
    %jmp/1 T_1.35, 6;
    %dup/vec4;
    %pushi/vec4 7, 0, 3;
    %cmp/u;
    %jmp/1 T_1.36, 6;
    %jmp T_1.37;
T_1.33 ;
    %load/vec4 v0x5606d991bf00_0;
    %pad/u 7;
    %ix/vec4 4;
    %load/vec4a v0x5606d991b090, 4;
    %load/vec4 v0x5606d98cadd0_0;
    %add;
    %load/vec4 v0x5606d991be20_0;
    %pad/u 7;
    %ix/vec4 3;
    %ix/load 4, 0, 0; Constant delay
    %assign/vec4/a/d v0x5606d991b090, 0, 4;
    %jmp T_1.37;
T_1.34 ;
    %load/vec4 v0x5606d991bf00_0;
    %pad/u 7;
    %ix/vec4 4;
    %load/vec4a v0x5606d991b090, 4;
    %load/vec4 v0x5606d98cadd0_0;
    %xor;
    %load/vec4 v0x5606d991be20_0;
    %pad/u 7;
    %ix/vec4 3;
    %ix/load 4, 0, 0; Constant delay
    %assign/vec4/a/d v0x5606d991b090, 0, 4;
    %jmp T_1.37;
T_1.35 ;
    %load/vec4 v0x5606d991bf00_0;
    %pad/u 7;
    %ix/vec4 4;
    %load/vec4a v0x5606d991b090, 4;
    %load/vec4 v0x5606d98cadd0_0;
    %or;
    %load/vec4 v0x5606d991be20_0;
    %pad/u 7;
    %ix/vec4 3;
    %ix/load 4, 0, 0; Constant delay
    %assign/vec4/a/d v0x5606d991b090, 0, 4;
    %jmp T_1.37;
T_1.36 ;
    %load/vec4 v0x5606d991bf00_0;
    %pad/u 7;
    %ix/vec4 4;
    %load/vec4a v0x5606d991b090, 4;
    %load/vec4 v0x5606d98cadd0_0;
    %and;
    %load/vec4 v0x5606d991be20_0;
    %pad/u 7;
    %ix/vec4 3;
    %ix/load 4, 0, 0; Constant delay
    %assign/vec4/a/d v0x5606d991b090, 0, 4;
    %jmp T_1.37;
T_1.37 ;
    %pop/vec4 1;
    %jmp T_1.13;
T_1.9 ;
    %load/vec4 v0x5606d991b710_0;
    %dup/vec4;
    %pushi/vec4 0, 0, 3;
    %cmp/u;
    %jmp/1 T_1.38, 6;
    %jmp T_1.39;
T_1.38 ;
    %load/vec4 v0x5606d991bac0_0;
    %addi 4, 0, 32;
    %load/vec4 v0x5606d991be20_0;
    %pad/u 7;
    %ix/vec4 3;
    %ix/load 4, 0, 0; Constant delay
    %assign/vec4/a/d v0x5606d991b090, 0, 4;
    %jmp T_1.39;
T_1.39 ;
    %pop/vec4 1;
    %jmp T_1.13;
T_1.10 ;
    %load/vec4 v0x5606d991bac0_0;
    %load/vec4 v0x5606d98cadd0_0;
    %add;
    %load/vec4 v0x5606d991be20_0;
    %pad/u 7;
    %ix/vec4 3;
    %ix/load 4, 0, 0; Constant delay
    %assign/vec4/a/d v0x5606d991b090, 0, 4;
    %jmp T_1.13;
T_1.11 ;
    %load/vec4 v0x5606d98cadd0_0;
    %load/vec4 v0x5606d991be20_0;
    %pad/u 7;
    %ix/vec4 3;
    %ix/load 4, 0, 0; Constant delay
    %assign/vec4/a/d v0x5606d991b090, 0, 4;
    %jmp T_1.13;
T_1.12 ;
    %load/vec4 v0x5606d991bac0_0;
    %addi 4, 0, 32;
    %load/vec4 v0x5606d991be20_0;
    %pad/u 7;
    %ix/vec4 3;
    %ix/load 4, 0, 0; Constant delay
    %assign/vec4/a/d v0x5606d991b090, 0, 4;
    %jmp T_1.13;
T_1.13 ;
    %pop/vec4 1;
T_1.4 ;
T_1.1 ;
    %jmp T_1;
    .thread T_1;
    .scope S_0x5606d9896030;
T_2 ;
    %wait E_0x5606d98cf800;
    %load/vec4 v0x5606d991c0c0_0;
    %flag_set/vec4 8;
    %jmp/0xz  T_2.0, 8;
    %pushi/vec4 0, 0, 32;
    %assign/vec4 v0x5606d991bac0_0, 0;
    %jmp T_2.1;
T_2.0 ;
    %load/vec4 v0x5606d991b150_0;
    %flag_set/vec4 8;
    %jmp/0xz  T_2.2, 8;
    %load/vec4 v0x5606d991bd40_0;
    %dup/vec4;
    %pushi/vec4 103, 0, 7;
    %cmp/u;
    %jmp/1 T_2.4, 6;
    %dup/vec4;
    %pushi/vec4 99, 0, 7;
    %cmp/u;
    %jmp/1 T_2.5, 6;
    %dup/vec4;
    %pushi/vec4 111, 0, 7;
    %cmp/u;
    %jmp/1 T_2.6, 6;
    %load/vec4 v0x5606d991bac0_0;
    %addi 4, 0, 32;
    %assign/vec4 v0x5606d991bac0_0, 0;
    %jmp T_2.8;
T_2.4 ;
    %load/vec4 v0x5606d991b710_0;
    %dup/vec4;
    %pushi/vec4 0, 0, 3;
    %cmp/u;
    %jmp/1 T_2.9, 6;
    %jmp T_2.10;
T_2.9 ;
    %load/vec4 v0x5606d98cadd0_0;
    %load/vec4 v0x5606d991bf00_0;
    %pad/u 7;
    %ix/vec4 4;
    %load/vec4a v0x5606d991b090, 4;
    %add;
    %assign/vec4 v0x5606d991bac0_0, 0;
    %jmp T_2.10;
T_2.10 ;
    %pop/vec4 1;
    %jmp T_2.8;
T_2.5 ;
    %load/vec4 v0x5606d991b710_0;
    %dup/vec4;
    %pushi/vec4 0, 0, 3;
    %cmp/u;
    %jmp/1 T_2.11, 6;
    %dup/vec4;
    %pushi/vec4 1, 0, 3;
    %cmp/u;
    %jmp/1 T_2.12, 6;
    %dup/vec4;
    %pushi/vec4 7, 0, 3;
    %cmp/u;
    %jmp/1 T_2.13, 6;
    %jmp T_2.14;
T_2.11 ;
    %load/vec4 v0x5606d991bf00_0;
    %pad/u 7;
    %ix/vec4 4;
    %load/vec4a v0x5606d991b090, 4;
    %load/vec4 v0x5606d991bfe0_0;
    %pad/u 7;
    %ix/vec4 4;
    %load/vec4a v0x5606d991b090, 4;
    %cmp/e;
    %flag_mov 8, 4;
    %jmp/0 T_2.15, 8;
    %load/vec4 v0x5606d991bac0_0;
    %load/vec4 v0x5606d98cadd0_0;
    %add;
    %jmp/1 T_2.16, 8;
T_2.15 ; End of true expr.
    %load/vec4 v0x5606d991bac0_0;
    %addi 4, 0, 32;
    %jmp/0 T_2.16, 8;
 ; End of false expr.
    %blend;
T_2.16;
    %assign/vec4 v0x5606d991bac0_0, 0;
    %jmp T_2.14;
T_2.12 ;
    %load/vec4 v0x5606d991bf00_0;
    %pad/u 7;
    %ix/vec4 4;
    %load/vec4a v0x5606d991b090, 4;
    %load/vec4 v0x5606d991bfe0_0;
    %pad/u 7;
    %ix/vec4 4;
    %load/vec4a v0x5606d991b090, 4;
    %cmp/ne;
    %flag_mov 8, 4;
    %jmp/0 T_2.17, 8;
    %load/vec4 v0x5606d991bac0_0;
    %load/vec4 v0x5606d98cadd0_0;
    %add;
    %jmp/1 T_2.18, 8;
T_2.17 ; End of true expr.
    %load/vec4 v0x5606d991bac0_0;
    %addi 4, 0, 32;
    %jmp/0 T_2.18, 8;
 ; End of false expr.
    %blend;
T_2.18;
    %assign/vec4 v0x5606d991bac0_0, 0;
    %jmp T_2.14;
T_2.13 ;
    %load/vec4 v0x5606d991bfe0_0;
    %pad/u 7;
    %ix/vec4 4;
    %load/vec4a v0x5606d991b090, 4;
    %load/vec4 v0x5606d991bf00_0;
    %pad/u 7;
    %ix/vec4 4;
    %load/vec4a v0x5606d991b090, 4;
    %cmp/u;
    %flag_or 5, 4;
    %jmp/0xz  T_2.19, 5;
    %load/vec4 v0x5606d991bac0_0;
    %load/vec4 v0x5606d98cadd0_0;
    %add;
    %assign/vec4 v0x5606d991bac0_0, 0;
    %jmp T_2.20;
T_2.19 ;
    %load/vec4 v0x5606d991bac0_0;
    %addi 4, 0, 32;
    %assign/vec4 v0x5606d991bac0_0, 0;
T_2.20 ;
    %jmp T_2.14;
T_2.14 ;
    %pop/vec4 1;
    %jmp T_2.8;
T_2.6 ;
    %load/vec4 v0x5606d991bac0_0;
    %load/vec4 v0x5606d98cadd0_0;
    %add;
    %assign/vec4 v0x5606d991bac0_0, 0;
    %jmp T_2.8;
T_2.8 ;
    %pop/vec4 1;
T_2.2 ;
T_2.1 ;
    %jmp T_2;
    .thread T_2;
    .scope S_0x5606d9896030;
T_3 ;
    %wait E_0x5606d98cf800;
    %load/vec4 v0x5606d991c0c0_0;
    %flag_set/vec4 8;
    %jmp/0xz  T_3.0, 8;
    %pushi/vec4 0, 0, 32;
    %assign/vec4 v0x5606d991b2d0_0, 0;
    %jmp T_3.1;
T_3.0 ;
    %load/vec4 v0x5606d98ca340_0;
    %flag_set/vec4 8;
    %jmp/0xz  T_3.2, 8;
    %load/vec4 v0x5606d991bd40_0;
    %dup/vec4;
    %pushi/vec4 3, 0, 7;
    %cmp/u;
    %jmp/1 T_3.4, 6;
    %dup/vec4;
    %pushi/vec4 35, 0, 7;
    %cmp/u;
    %jmp/1 T_3.5, 6;
    %jmp T_3.6;
T_3.4 ;
    %load/vec4 v0x5606d991bf00_0;
    %pad/u 7;
    %ix/vec4 4;
    %load/vec4a v0x5606d991b090, 4;
    %load/vec4 v0x5606d98cadd0_0;
    %add;
    %assign/vec4 v0x5606d991b2d0_0, 0;
    %jmp T_3.6;
T_3.5 ;
    %load/vec4 v0x5606d991bf00_0;
    %pad/u 7;
    %ix/vec4 4;
    %load/vec4a v0x5606d991b090, 4;
    %load/vec4 v0x5606d98cadd0_0;
    %add;
    %assign/vec4 v0x5606d991b2d0_0, 0;
    %jmp T_3.6;
T_3.6 ;
    %pop/vec4 1;
T_3.2 ;
T_3.1 ;
    %jmp T_3;
    .thread T_3;
    .scope S_0x5606d9896030;
T_4 ;
    %wait E_0x5606d98cf800;
    %load/vec4 v0x5606d991c0c0_0;
    %flag_set/vec4 8;
    %jmp/0xz  T_4.0, 8;
    %pushi/vec4 0, 0, 4;
    %assign/vec4 v0x5606d991b630_0, 0;
    %jmp T_4.1;
T_4.0 ;
    %load/vec4 v0x5606d98ca340_0;
    %flag_set/vec4 8;
    %jmp/0xz  T_4.2, 8;
    %load/vec4 v0x5606d991bd40_0;
    %dup/vec4;
    %pushi/vec4 35, 0, 7;
    %cmp/u;
    %jmp/1 T_4.4, 6;
    %jmp T_4.5;
T_4.4 ;
    %load/vec4 v0x5606d991b710_0;
    %dup/vec4;
    %pushi/vec4 2, 0, 3;
    %cmp/u;
    %jmp/1 T_4.6, 6;
    %jmp T_4.7;
T_4.6 ;
    %pushi/vec4 15, 0, 4;
    %assign/vec4 v0x5606d991b630_0, 0;
    %jmp T_4.7;
T_4.7 ;
    %pop/vec4 1;
    %jmp T_4.5;
T_4.5 ;
    %pop/vec4 1;
    %jmp T_4.3;
T_4.2 ;
    %load/vec4 v0x5606d98f7820_0;
    %flag_set/vec4 8;
    %jmp/0xz  T_4.8, 8;
    %pushi/vec4 0, 0, 4;
    %assign/vec4 v0x5606d991b630_0, 0;
T_4.8 ;
T_4.3 ;
T_4.1 ;
    %jmp T_4;
    .thread T_4;
    .scope S_0x5606d9896030;
T_5 ;
    %wait E_0x5606d98cf800;
    %load/vec4 v0x5606d991c0c0_0;
    %flag_set/vec4 8;
    %jmp/0xz  T_5.0, 8;
    %pushi/vec4 0, 0, 32;
    %assign/vec4 v0x5606d991b3b0_0, 0;
    %jmp T_5.1;
T_5.0 ;
    %load/vec4 v0x5606d98ca340_0;
    %flag_set/vec4 8;
    %jmp/0xz  T_5.2, 8;
    %load/vec4 v0x5606d991bd40_0;
    %dup/vec4;
    %pushi/vec4 35, 0, 7;
    %cmp/u;
    %jmp/1 T_5.4, 6;
    %jmp T_5.5;
T_5.4 ;
    %load/vec4 v0x5606d991bf00_0;
    %pad/u 7;
    %ix/vec4 4;
    %load/vec4a v0x5606d991b090, 4;
    %parti/s 2, 0, 2;
    %load/vec4 v0x5606d98cadd0_0;
    %parti/s 2, 0, 2;
    %add;
    %cmpi/e 0, 0, 2;
    %jmp/0xz  T_5.6, 4;
    %load/vec4 v0x5606d991bfe0_0;
    %pad/u 7;
    %ix/vec4 4;
    %load/vec4a v0x5606d991b090, 4;
    %assign/vec4 v0x5606d991b3b0_0, 0;
T_5.6 ;
    %jmp T_5.5;
T_5.5 ;
    %pop/vec4 1;
T_5.2 ;
T_5.1 ;
    %jmp T_5;
    .thread T_5;
    .scope S_0x5606d9896030;
T_6 ;
    %wait E_0x5606d98cf800;
    %load/vec4 v0x5606d991c0c0_0;
    %flag_set/vec4 8;
    %jmp/0xz  T_6.0, 8;
    %pushi/vec4 0, 0, 3;
    %assign/vec4 v0x5606d98ca2a0_0, 0;
    %jmp T_6.1;
T_6.0 ;
    %load/vec4 v0x5606d98f8b50_0;
    %assign/vec4 v0x5606d98ca2a0_0, 0;
T_6.1 ;
    %jmp T_6;
    .thread T_6;
    .scope S_0x5606d9896030;
T_7 ;
    %wait E_0x5606d98cf220;
    %load/vec4 v0x5606d98ca2a0_0;
    %dup/vec4;
    %pushi/vec4 0, 0, 3;
    %cmp/u;
    %jmp/1 T_7.0, 6;
    %dup/vec4;
    %pushi/vec4 1, 0, 3;
    %cmp/u;
    %jmp/1 T_7.1, 6;
    %dup/vec4;
    %pushi/vec4 2, 0, 3;
    %cmp/u;
    %jmp/1 T_7.2, 6;
    %dup/vec4;
    %pushi/vec4 3, 0, 3;
    %cmp/u;
    %jmp/1 T_7.3, 6;
    %dup/vec4;
    %pushi/vec4 4, 0, 3;
    %cmp/u;
    %jmp/1 T_7.4, 6;
    %dup/vec4;
    %pushi/vec4 5, 0, 3;
    %cmp/u;
    %jmp/1 T_7.5, 6;
    %pushi/vec4 6, 0, 3;
    %store/vec4 v0x5606d98f8b50_0, 0, 3;
    %jmp T_7.7;
T_7.0 ;
    %pushi/vec4 1, 0, 3;
    %store/vec4 v0x5606d98f8b50_0, 0, 3;
    %jmp T_7.7;
T_7.1 ;
    %pushi/vec4 2, 0, 3;
    %store/vec4 v0x5606d98f8b50_0, 0, 3;
    %jmp T_7.7;
T_7.2 ;
    %pushi/vec4 3, 0, 3;
    %store/vec4 v0x5606d98f8b50_0, 0, 3;
    %jmp T_7.7;
T_7.3 ;
    %pushi/vec4 4, 0, 3;
    %store/vec4 v0x5606d98f8b50_0, 0, 3;
    %jmp T_7.7;
T_7.4 ;
    %pushi/vec4 5, 0, 3;
    %store/vec4 v0x5606d98f8b50_0, 0, 3;
    %jmp T_7.7;
T_7.5 ;
    %pushi/vec4 1, 0, 3;
    %store/vec4 v0x5606d98f8b50_0, 0, 3;
    %jmp T_7.7;
T_7.7 ;
    %pop/vec4 1;
    %jmp T_7;
    .thread T_7, $push;
    .scope S_0x5606d9896030;
T_8 ;
    %wait E_0x5606d98cf220;
    %load/vec4 v0x5606d98ca2a0_0;
    %dup/vec4;
    %pushi/vec4 0, 0, 3;
    %cmp/u;
    %jmp/1 T_8.0, 6;
    %dup/vec4;
    %pushi/vec4 1, 0, 3;
    %cmp/u;
    %jmp/1 T_8.1, 6;
    %dup/vec4;
    %pushi/vec4 2, 0, 3;
    %cmp/u;
    %jmp/1 T_8.2, 6;
    %dup/vec4;
    %pushi/vec4 3, 0, 3;
    %cmp/u;
    %jmp/1 T_8.3, 6;
    %dup/vec4;
    %pushi/vec4 4, 0, 3;
    %cmp/u;
    %jmp/1 T_8.4, 6;
    %dup/vec4;
    %pushi/vec4 5, 0, 3;
    %cmp/u;
    %jmp/1 T_8.5, 6;
    %pushi/vec4 0, 0, 1;
    %store/vec4 v0x5606d98f7780_0, 0, 1;
    %pushi/vec4 0, 0, 1;
    %store/vec4 v0x5606d98cae70_0, 0, 1;
    %pushi/vec4 0, 0, 1;
    %store/vec4 v0x5606d98ca340_0, 0, 1;
    %pushi/vec4 0, 0, 1;
    %store/vec4 v0x5606d98f7820_0, 0, 1;
    %pushi/vec4 0, 0, 1;
    %store/vec4 v0x5606d991b150_0, 0, 1;
    %jmp T_8.7;
T_8.0 ;
    %pushi/vec4 0, 0, 1;
    %store/vec4 v0x5606d98f7780_0, 0, 1;
    %pushi/vec4 0, 0, 1;
    %store/vec4 v0x5606d98cae70_0, 0, 1;
    %pushi/vec4 0, 0, 1;
    %store/vec4 v0x5606d98ca340_0, 0, 1;
    %pushi/vec4 0, 0, 1;
    %store/vec4 v0x5606d98f7820_0, 0, 1;
    %pushi/vec4 0, 0, 1;
    %store/vec4 v0x5606d991b150_0, 0, 1;
    %jmp T_8.7;
T_8.1 ;
    %pushi/vec4 1, 0, 1;
    %store/vec4 v0x5606d98f7780_0, 0, 1;
    %pushi/vec4 0, 0, 1;
    %store/vec4 v0x5606d98cae70_0, 0, 1;
    %pushi/vec4 0, 0, 1;
    %store/vec4 v0x5606d98ca340_0, 0, 1;
    %pushi/vec4 0, 0, 1;
    %store/vec4 v0x5606d98f7820_0, 0, 1;
    %pushi/vec4 0, 0, 1;
    %store/vec4 v0x5606d991b150_0, 0, 1;
    %jmp T_8.7;
T_8.2 ;
    %pushi/vec4 0, 0, 1;
    %store/vec4 v0x5606d98f7780_0, 0, 1;
    %pushi/vec4 1, 0, 1;
    %store/vec4 v0x5606d98cae70_0, 0, 1;
    %pushi/vec4 0, 0, 1;
    %store/vec4 v0x5606d98ca340_0, 0, 1;
    %pushi/vec4 0, 0, 1;
    %store/vec4 v0x5606d98f7820_0, 0, 1;
    %pushi/vec4 0, 0, 1;
    %store/vec4 v0x5606d991b150_0, 0, 1;
    %jmp T_8.7;
T_8.3 ;
    %pushi/vec4 0, 0, 1;
    %store/vec4 v0x5606d98f7780_0, 0, 1;
    %pushi/vec4 0, 0, 1;
    %store/vec4 v0x5606d98cae70_0, 0, 1;
    %pushi/vec4 1, 0, 1;
    %store/vec4 v0x5606d98ca340_0, 0, 1;
    %pushi/vec4 0, 0, 1;
    %store/vec4 v0x5606d98f7820_0, 0, 1;
    %pushi/vec4 0, 0, 1;
    %store/vec4 v0x5606d991b150_0, 0, 1;
    %jmp T_8.7;
T_8.4 ;
    %pushi/vec4 0, 0, 1;
    %store/vec4 v0x5606d98f7780_0, 0, 1;
    %pushi/vec4 0, 0, 1;
    %store/vec4 v0x5606d98cae70_0, 0, 1;
    %pushi/vec4 0, 0, 1;
    %store/vec4 v0x5606d98ca340_0, 0, 1;
    %pushi/vec4 1, 0, 1;
    %store/vec4 v0x5606d98f7820_0, 0, 1;
    %pushi/vec4 0, 0, 1;
    %store/vec4 v0x5606d991b150_0, 0, 1;
    %jmp T_8.7;
T_8.5 ;
    %pushi/vec4 0, 0, 1;
    %store/vec4 v0x5606d98f7780_0, 0, 1;
    %pushi/vec4 0, 0, 1;
    %store/vec4 v0x5606d98cae70_0, 0, 1;
    %pushi/vec4 0, 0, 1;
    %store/vec4 v0x5606d98ca340_0, 0, 1;
    %pushi/vec4 0, 0, 1;
    %store/vec4 v0x5606d98f7820_0, 0, 1;
    %pushi/vec4 1, 0, 1;
    %store/vec4 v0x5606d991b150_0, 0, 1;
    %jmp T_8.7;
T_8.7 ;
    %pop/vec4 1;
    %jmp T_8;
    .thread T_8, $push;
# The file index is used to find the file name in the following table.
:file_names 3;
    "N/A";
    "<interactive>";
    "CPU.v";
