#! /usr/bin/vvp
:ivl_version "10.3 (stable)";
:ivl_delay_selection "TYPICAL";
:vpi_time_precision + 0;
:vpi_module "system";
:vpi_module "vhdl_sys";
:vpi_module "v2005_math";
:vpi_module "va_math";
S_0x55ad75d87130 .scope module, "traffic_light" "traffic_light" 2 1;
 .timescale 0 0;
    .port_info 0 /INPUT 1 "clk"
    .port_info 1 /INPUT 1 "rst"
    .port_info 2 /INPUT 1 "pass"
    .port_info 3 /OUTPUT 1 "R"
    .port_info 4 /OUTPUT 1 "G"
    .port_info 5 /OUTPUT 1 "Y"
v0x55ad75d873b0_0 .var "G", 0 0;
v0x55ad75ddcc20_0 .var "R", 0 0;
v0x55ad75ddcce0_0 .var "Y", 0 0;
o0x7f25c47be0a8 .functor BUFZ 1, C4<z>; HiZ drive
v0x55ad75ddcd80_0 .net "clk", 0 0, o0x7f25c47be0a8;  0 drivers
v0x55ad75ddce40_0 .var "counter", 9 0;
v0x55ad75ddcf70_0 .var "counter_reset", 0 0;
v0x55ad75ddd030_0 .var "next_state", 2 0;
o0x7f25c47be168 .functor BUFZ 1, C4<z>; HiZ drive
v0x55ad75ddd110_0 .net "pass", 0 0, o0x7f25c47be168;  0 drivers
o0x7f25c47be198 .functor BUFZ 1, C4<z>; HiZ drive
v0x55ad75ddd1d0_0 .net "rst", 0 0, o0x7f25c47be198;  0 drivers
v0x55ad75ddd290_0 .var "state", 2 0;
E_0x55ad75d87890 .event posedge, v0x55ad75ddcd80_0;
E_0x55ad75dbcd20 .event edge, v0x55ad75ddce40_0, v0x55ad75ddd290_0;
E_0x55ad75dbca80 .event posedge, v0x55ad75ddd1d0_0, v0x55ad75ddcd80_0;
    .scope S_0x55ad75d87130;
T_0 ;
    %wait E_0x55ad75dbca80;
    %load/vec4 v0x55ad75ddd1d0_0;
    %flag_set/vec4 8;
    %jmp/0xz  T_0.0, 8;
    %pushi/vec4 0, 0, 3;
    %assign/vec4 v0x55ad75ddd290_0, 0;
    %jmp T_0.1;
T_0.0 ;
    %load/vec4 v0x55ad75ddd110_0;
    %flag_set/vec4 8;
    %jmp/0xz  T_0.2, 8;
    %pushi/vec4 0, 0, 3;
    %assign/vec4 v0x55ad75ddd290_0, 0;
    %jmp T_0.3;
T_0.2 ;
    %load/vec4 v0x55ad75ddd030_0;
    %assign/vec4 v0x55ad75ddd290_0, 0;
T_0.3 ;
T_0.1 ;
    %jmp T_0;
    .thread T_0;
    .scope S_0x55ad75d87130;
T_1 ;
    %wait E_0x55ad75dbcd20;
    %load/vec4 v0x55ad75ddd290_0;
    %dup/vec4;
    %pushi/vec4 0, 0, 3;
    %cmp/u;
    %jmp/1 T_1.0, 6;
    %dup/vec4;
    %pushi/vec4 1, 0, 3;
    %cmp/u;
    %jmp/1 T_1.1, 6;
    %dup/vec4;
    %pushi/vec4 2, 0, 3;
    %cmp/u;
    %jmp/1 T_1.2, 6;
    %dup/vec4;
    %pushi/vec4 3, 0, 3;
    %cmp/u;
    %jmp/1 T_1.3, 6;
    %dup/vec4;
    %pushi/vec4 4, 0, 3;
    %cmp/u;
    %jmp/1 T_1.4, 6;
    %dup/vec4;
    %pushi/vec4 5, 0, 3;
    %cmp/u;
    %jmp/1 T_1.5, 6;
    %dup/vec4;
    %pushi/vec4 6, 0, 3;
    %cmp/u;
    %jmp/1 T_1.6, 6;
    %jmp T_1.7;
T_1.0 ;
    %load/vec4 v0x55ad75ddce40_0;
    %pad/u 32;
    %cmpi/e 512, 0, 32;
    %jmp/0xz  T_1.8, 4;
    %pushi/vec4 1, 0, 1;
    %store/vec4 v0x55ad75ddcf70_0, 0, 1;
    %pushi/vec4 1, 0, 3;
    %store/vec4 v0x55ad75ddd030_0, 0, 3;
    %jmp T_1.9;
T_1.8 ;
    %pushi/vec4 0, 0, 1;
    %store/vec4 v0x55ad75ddcf70_0, 0, 1;
    %pushi/vec4 0, 0, 3;
    %store/vec4 v0x55ad75ddd030_0, 0, 3;
T_1.9 ;
    %pushi/vec4 0, 0, 1;
    %store/vec4 v0x55ad75ddcc20_0, 0, 1;
    %pushi/vec4 1, 0, 1;
    %store/vec4 v0x55ad75d873b0_0, 0, 1;
    %pushi/vec4 0, 0, 1;
    %store/vec4 v0x55ad75ddcce0_0, 0, 1;
    %jmp T_1.7;
T_1.1 ;
    %load/vec4 v0x55ad75ddce40_0;
    %pad/u 32;
    %cmpi/e 64, 0, 32;
    %jmp/0xz  T_1.10, 4;
    %pushi/vec4 1, 0, 1;
    %store/vec4 v0x55ad75ddcf70_0, 0, 1;
    %pushi/vec4 2, 0, 3;
    %store/vec4 v0x55ad75ddd030_0, 0, 3;
    %jmp T_1.11;
T_1.10 ;
    %pushi/vec4 0, 0, 1;
    %store/vec4 v0x55ad75ddcf70_0, 0, 1;
    %pushi/vec4 1, 0, 3;
    %store/vec4 v0x55ad75ddd030_0, 0, 3;
T_1.11 ;
    %pushi/vec4 0, 0, 1;
    %store/vec4 v0x55ad75ddcc20_0, 0, 1;
    %pushi/vec4 0, 0, 1;
    %store/vec4 v0x55ad75d873b0_0, 0, 1;
    %pushi/vec4 0, 0, 1;
    %store/vec4 v0x55ad75ddcce0_0, 0, 1;
    %jmp T_1.7;
T_1.2 ;
    %load/vec4 v0x55ad75ddce40_0;
    %pad/u 32;
    %cmpi/e 64, 0, 32;
    %jmp/0xz  T_1.12, 4;
    %pushi/vec4 1, 0, 1;
    %store/vec4 v0x55ad75ddcf70_0, 0, 1;
    %pushi/vec4 3, 0, 3;
    %store/vec4 v0x55ad75ddd030_0, 0, 3;
    %jmp T_1.13;
T_1.12 ;
    %pushi/vec4 0, 0, 1;
    %store/vec4 v0x55ad75ddcf70_0, 0, 1;
    %pushi/vec4 2, 0, 3;
    %store/vec4 v0x55ad75ddd030_0, 0, 3;
T_1.13 ;
    %pushi/vec4 0, 0, 1;
    %store/vec4 v0x55ad75ddcc20_0, 0, 1;
    %pushi/vec4 1, 0, 1;
    %store/vec4 v0x55ad75d873b0_0, 0, 1;
    %pushi/vec4 0, 0, 1;
    %store/vec4 v0x55ad75ddcce0_0, 0, 1;
    %jmp T_1.7;
T_1.3 ;
    %load/vec4 v0x55ad75ddce40_0;
    %pad/u 32;
    %cmpi/e 64, 0, 32;
    %jmp/0xz  T_1.14, 4;
    %pushi/vec4 1, 0, 1;
    %store/vec4 v0x55ad75ddcf70_0, 0, 1;
    %pushi/vec4 4, 0, 3;
    %store/vec4 v0x55ad75ddd030_0, 0, 3;
    %jmp T_1.15;
T_1.14 ;
    %pushi/vec4 0, 0, 1;
    %store/vec4 v0x55ad75ddcf70_0, 0, 1;
    %pushi/vec4 3, 0, 3;
    %store/vec4 v0x55ad75ddd030_0, 0, 3;
T_1.15 ;
    %pushi/vec4 0, 0, 1;
    %store/vec4 v0x55ad75ddcc20_0, 0, 1;
    %pushi/vec4 0, 0, 1;
    %store/vec4 v0x55ad75d873b0_0, 0, 1;
    %pushi/vec4 0, 0, 1;
    %store/vec4 v0x55ad75ddcce0_0, 0, 1;
    %jmp T_1.7;
T_1.4 ;
    %load/vec4 v0x55ad75ddce40_0;
    %pad/u 32;
    %cmpi/e 64, 0, 32;
    %jmp/0xz  T_1.16, 4;
    %pushi/vec4 1, 0, 1;
    %store/vec4 v0x55ad75ddcf70_0, 0, 1;
    %pushi/vec4 5, 0, 3;
    %store/vec4 v0x55ad75ddd030_0, 0, 3;
    %jmp T_1.17;
T_1.16 ;
    %pushi/vec4 0, 0, 1;
    %store/vec4 v0x55ad75ddcf70_0, 0, 1;
    %pushi/vec4 4, 0, 3;
    %store/vec4 v0x55ad75ddd030_0, 0, 3;
T_1.17 ;
    %pushi/vec4 0, 0, 1;
    %store/vec4 v0x55ad75ddcc20_0, 0, 1;
    %pushi/vec4 1, 0, 1;
    %store/vec4 v0x55ad75d873b0_0, 0, 1;
    %pushi/vec4 0, 0, 1;
    %store/vec4 v0x55ad75ddcce0_0, 0, 1;
    %jmp T_1.7;
T_1.5 ;
    %load/vec4 v0x55ad75ddce40_0;
    %pad/u 32;
    %cmpi/e 256, 0, 32;
    %jmp/0xz  T_1.18, 4;
    %pushi/vec4 1, 0, 1;
    %store/vec4 v0x55ad75ddcf70_0, 0, 1;
    %pushi/vec4 6, 0, 3;
    %store/vec4 v0x55ad75ddd030_0, 0, 3;
    %jmp T_1.19;
T_1.18 ;
    %pushi/vec4 0, 0, 1;
    %store/vec4 v0x55ad75ddcf70_0, 0, 1;
    %pushi/vec4 5, 0, 3;
    %store/vec4 v0x55ad75ddd030_0, 0, 3;
T_1.19 ;
    %pushi/vec4 0, 0, 1;
    %store/vec4 v0x55ad75ddcc20_0, 0, 1;
    %pushi/vec4 0, 0, 1;
    %store/vec4 v0x55ad75d873b0_0, 0, 1;
    %pushi/vec4 1, 0, 1;
    %store/vec4 v0x55ad75ddcce0_0, 0, 1;
    %jmp T_1.7;
T_1.6 ;
    %load/vec4 v0x55ad75ddce40_0;
    %pad/u 32;
    %cmpi/e 512, 0, 32;
    %jmp/0xz  T_1.20, 4;
    %pushi/vec4 1, 0, 1;
    %store/vec4 v0x55ad75ddcf70_0, 0, 1;
    %pushi/vec4 0, 0, 3;
    %store/vec4 v0x55ad75ddd030_0, 0, 3;
    %jmp T_1.21;
T_1.20 ;
    %pushi/vec4 0, 0, 1;
    %store/vec4 v0x55ad75ddcf70_0, 0, 1;
    %pushi/vec4 6, 0, 3;
    %store/vec4 v0x55ad75ddd030_0, 0, 3;
T_1.21 ;
    %pushi/vec4 1, 0, 1;
    %store/vec4 v0x55ad75ddcc20_0, 0, 1;
    %pushi/vec4 0, 0, 1;
    %store/vec4 v0x55ad75d873b0_0, 0, 1;
    %pushi/vec4 0, 0, 1;
    %store/vec4 v0x55ad75ddcce0_0, 0, 1;
    %jmp T_1.7;
T_1.7 ;
    %pop/vec4 1;
    %jmp T_1;
    .thread T_1, $push;
    .scope S_0x55ad75d87130;
T_2 ;
    %wait E_0x55ad75d87890;
    %load/vec4 v0x55ad75ddd110_0;
    %load/vec4 v0x55ad75ddd290_0;
    %pad/u 32;
    %pushi/vec4 0, 0, 32;
    %cmp/e;
    %flag_get/vec4 4;
    %inv;
    %and;
    %flag_set/vec4 8;
    %load/vec4 v0x55ad75ddcf70_0;
    %pad/u 32;
    %cmpi/e 1, 0, 32;
    %flag_or 4, 8;
    %jmp/0xz  T_2.0, 4;
    %pushi/vec4 0, 0, 10;
    %assign/vec4 v0x55ad75ddce40_0, 0;
    %jmp T_2.1;
T_2.0 ;
    %load/vec4 v0x55ad75ddce40_0;
    %addi 1, 0, 10;
    %assign/vec4 v0x55ad75ddce40_0, 0;
T_2.1 ;
    %jmp T_2;
    .thread T_2;
# The file index is used to find the file name in the following table.
:file_names 3;
    "N/A";
    "<interactive>";
    "traffic_light.v";
