#! /usr/bin/vvp
:ivl_version "10.3 (stable)";
:ivl_delay_selection "TYPICAL";
:vpi_time_precision + 0;
:vpi_module "system";
:vpi_module "vhdl_sys";
:vpi_module "v2005_math";
:vpi_module "va_math";
S_0x55ac8f11f030 .scope module, "CPU" "CPU" 2 1;
 .timescale 0 0;
    .port_info 0 /INPUT 1 "clk"
    .port_info 1 /INPUT 1 "rst"
    .port_info 2 /INPUT 32 "data_out"
    .port_info 3 /INPUT 32 "instr_out"
    .port_info 4 /OUTPUT 1 "instr_read"
    .port_info 5 /OUTPUT 1 "data_read"
    .port_info 6 /OUTPUT 32 "instr_addr"
    .port_info 7 /OUTPUT 32 "data_addr"
    .port_info 8 /OUTPUT 4 "data_write"
    .port_info 9 /OUTPUT 32 "data_in"
P_0x55ac8f11f1b0 .param/l "Execute_state" 0 2 31, C4<011>;
P_0x55ac8f11f1f0 .param/l "Finish_state" 0 2 34, C4<110>;
P_0x55ac8f11f230 .param/l "Idle_state" 0 2 28, C4<000>;
P_0x55ac8f11f270 .param/l "Instruction_Decode_state" 0 2 30, C4<010>;
P_0x55ac8f11f2b0 .param/l "Instruction_Fetch_state" 0 2 29, C4<001>;
P_0x55ac8f11f2f0 .param/l "Memory_Access_state" 0 2 32, C4<100>;
P_0x55ac8f11f330 .param/l "Write_Back_state" 0 2 33, C4<101>;
v0x55ac8f14c1e0_0 .var "CurrentState", 2 0;
v0x55ac8f14c280_0 .var "Execute", 0 0;
v0x55ac8f14cd10_0 .var "Immediate", 31 0;
v0x55ac8f14cdb0_0 .var "Instruction_Decode", 0 0;
v0x55ac8f14dc90_0 .var "Instruction_Fetch", 0 0;
v0x55ac8f14dd30_0 .var "Memory_Access", 0 0;
v0x55ac8f14f060_0 .var "NextState", 2 0;
v0x55ac8f18fda0 .array "Register", 0 31, 31 0;
v0x55ac8f18fe60_0 .var "Write_Back", 0 0;
o0x7f2c771c1198 .functor BUFZ 1, C4<z>; HiZ drive
v0x55ac8f18ff20_0 .net "clk", 0 0, o0x7f2c771c1198;  0 drivers
v0x55ac8f18ffe0_0 .var "data_addr", 31 0;
v0x55ac8f1900c0_0 .var "data_in", 31 0;
o0x7f2c771c1228 .functor BUFZ 32, C4<zzzzzzzzzzzzzzzzzzzzzzzzzzzzzzzz>; HiZ drive
v0x55ac8f1901a0_0 .net "data_out", 31 0, o0x7f2c771c1228;  0 drivers
L_0x7f2c77178060 .functor BUFT 1, C4<1>, C4<0>, C4<0>, C4<0>;
v0x55ac8f190280_0 .net "data_read", 0 0, L_0x7f2c77178060;  1 drivers
v0x55ac8f190340_0 .var "data_write", 3 0;
v0x55ac8f190420_0 .net "funct3", 2 0, L_0x55ac8f1911f0;  1 drivers
v0x55ac8f190500_0 .net "funct7", 6 0, L_0x55ac8f191570;  1 drivers
v0x55ac8f1906f0_0 .var/i "i", 31 0;
v0x55ac8f1907d0_0 .var "instr_addr", 31 0;
o0x7f2c771c1378 .functor BUFZ 32, C4<zzzzzzzzzzzzzzzzzzzzzzzzzzzzzzzz>; HiZ drive
v0x55ac8f1908b0_0 .net "instr_out", 31 0, o0x7f2c771c1378;  0 drivers
L_0x7f2c77178018 .functor BUFT 1, C4<1>, C4<0>, C4<0>, C4<0>;
v0x55ac8f190990_0 .net "instr_read", 0 0, L_0x7f2c77178018;  1 drivers
v0x55ac8f190a50_0 .net "opcode", 6 0, L_0x55ac8f1910b0;  1 drivers
v0x55ac8f190b30_0 .net "rd", 4 0, L_0x55ac8f191150;  1 drivers
v0x55ac8f190c10_0 .net "rs1", 4 0, L_0x55ac8f191290;  1 drivers
v0x55ac8f190cf0_0 .net "rs2", 4 0, L_0x55ac8f191390;  1 drivers
o0x7f2c771c1498 .functor BUFZ 1, C4<z>; HiZ drive
v0x55ac8f190dd0_0 .net "rst", 0 0, o0x7f2c771c1498;  0 drivers
v0x55ac8f190e90_0 .net "shamt", 4 0, L_0x55ac8f191460;  1 drivers
E_0x55ac8f158220 .event edge, v0x55ac8f14c1e0_0;
E_0x55ac8f158800 .event posedge, v0x55ac8f190dd0_0, v0x55ac8f18ff20_0;
L_0x55ac8f1910b0 .part o0x7f2c771c1378, 0, 7;
L_0x55ac8f191150 .part o0x7f2c771c1378, 7, 5;
L_0x55ac8f1911f0 .part o0x7f2c771c1378, 12, 3;
L_0x55ac8f191290 .part o0x7f2c771c1378, 15, 5;
L_0x55ac8f191390 .part o0x7f2c771c1378, 20, 5;
L_0x55ac8f191460 .part o0x7f2c771c1378, 20, 5;
L_0x55ac8f191570 .part o0x7f2c771c1378, 25, 7;
    .scope S_0x55ac8f11f030;
T_0 ;
    %wait E_0x55ac8f158800;
    %load/vec4 v0x55ac8f190dd0_0;
    %flag_set/vec4 8;
    %jmp/0xz  T_0.0, 8;
    %pushi/vec4 0, 0, 32;
    %assign/vec4 v0x55ac8f14cd10_0, 0;
    %jmp T_0.1;
T_0.0 ;
    %load/vec4 v0x55ac8f14cdb0_0;
    %flag_set/vec4 8;
    %jmp/0xz  T_0.2, 8;
    %load/vec4 v0x55ac8f190a50_0;
    %dup/vec4;
    %pushi/vec4 19, 0, 7;
    %cmp/u;
    %jmp/1 T_0.4, 6;
    %dup/vec4;
    %pushi/vec4 35, 0, 7;
    %cmp/u;
    %jmp/1 T_0.5, 6;
    %dup/vec4;
    %pushi/vec4 55, 0, 7;
    %cmp/u;
    %jmp/1 T_0.6, 6;
    %jmp T_0.7;
T_0.4 ;
    %load/vec4 v0x55ac8f1908b0_0;
    %parti/s 12, 20, 6;
    %ix/load 4, 0, 0;
    %ix/load 5, 0, 0;
    %flag_set/imm 4, 0;
    %assign/vec4/off/d v0x55ac8f14cd10_0, 4, 5;
    %load/vec4 v0x55ac8f1908b0_0;
    %parti/s 1, 31, 6;
    %flag_set/vec4 8;
    %jmp/0 T_0.8, 8;
    %pushi/vec4 1048575, 0, 20;
    %jmp/1 T_0.9, 8;
T_0.8 ; End of true expr.
    %pushi/vec4 0, 0, 20;
    %jmp/0 T_0.9, 8;
 ; End of false expr.
    %blend;
T_0.9;
    %ix/load 4, 12, 0;
    %ix/load 5, 0, 0;
    %flag_set/imm 4, 0;
    %assign/vec4/off/d v0x55ac8f14cd10_0, 4, 5;
    %jmp T_0.7;
T_0.5 ;
    %load/vec4 v0x55ac8f1908b0_0;
    %parti/s 7, 25, 6;
    %ix/load 4, 5, 0;
    %ix/load 5, 0, 0;
    %flag_set/imm 4, 0;
    %assign/vec4/off/d v0x55ac8f14cd10_0, 4, 5;
    %load/vec4 v0x55ac8f1908b0_0;
    %parti/s 5, 7, 4;
    %ix/load 4, 0, 0;
    %ix/load 5, 0, 0;
    %flag_set/imm 4, 0;
    %assign/vec4/off/d v0x55ac8f14cd10_0, 4, 5;
    %jmp T_0.7;
T_0.6 ;
    %load/vec4 v0x55ac8f1908b0_0;
    %parti/s 20, 12, 5;
    %ix/load 4, 12, 0;
    %ix/load 5, 0, 0;
    %flag_set/imm 4, 0;
    %assign/vec4/off/d v0x55ac8f14cd10_0, 4, 5;
    %pushi/vec4 0, 0, 12;
    %ix/load 4, 0, 0;
    %ix/load 5, 0, 0;
    %flag_set/imm 4, 0;
    %assign/vec4/off/d v0x55ac8f14cd10_0, 4, 5;
    %jmp T_0.7;
T_0.7 ;
    %pop/vec4 1;
T_0.2 ;
T_0.1 ;
    %jmp T_0;
    .thread T_0;
    .scope S_0x55ac8f11f030;
T_1 ;
    %wait E_0x55ac8f158800;
    %load/vec4 v0x55ac8f190dd0_0;
    %flag_set/vec4 8;
    %jmp/0xz  T_1.0, 8;
    %pushi/vec4 0, 0, 32;
    %store/vec4 v0x55ac8f1906f0_0, 0, 32;
T_1.2 ;
    %load/vec4 v0x55ac8f1906f0_0;
    %cmpi/s 32, 0, 32;
    %jmp/0xz T_1.3, 5;
    %pushi/vec4 0, 0, 32;
    %ix/getv/s 3, v0x55ac8f1906f0_0;
    %ix/load 4, 0, 0; Constant delay
    %assign/vec4/a/d v0x55ac8f18fda0, 0, 4;
    %load/vec4 v0x55ac8f1906f0_0;
    %addi 1, 0, 32;
    %store/vec4 v0x55ac8f1906f0_0, 0, 32;
    %jmp T_1.2;
T_1.3 ;
    %jmp T_1.1;
T_1.0 ;
    %load/vec4 v0x55ac8f18fe60_0;
    %flag_set/vec4 8;
    %jmp/0xz  T_1.4, 8;
    %load/vec4 v0x55ac8f190a50_0;
    %dup/vec4;
    %pushi/vec4 51, 0, 7;
    %cmp/u;
    %jmp/1 T_1.6, 6;
    %dup/vec4;
    %pushi/vec4 19, 0, 7;
    %cmp/u;
    %jmp/1 T_1.7, 6;
    %dup/vec4;
    %pushi/vec4 55, 0, 7;
    %cmp/u;
    %jmp/1 T_1.8, 6;
    %jmp T_1.9;
T_1.6 ;
    %load/vec4 v0x55ac8f190420_0;
    %dup/vec4;
    %pushi/vec4 0, 0, 3;
    %cmp/u;
    %jmp/1 T_1.10, 6;
    %dup/vec4;
    %pushi/vec4 4, 0, 3;
    %cmp/u;
    %jmp/1 T_1.11, 6;
    %dup/vec4;
    %pushi/vec4 6, 0, 3;
    %cmp/u;
    %jmp/1 T_1.12, 6;
    %dup/vec4;
    %pushi/vec4 7, 0, 3;
    %cmp/u;
    %jmp/1 T_1.13, 6;
    %jmp T_1.14;
T_1.10 ;
    %load/vec4 v0x55ac8f190500_0;
    %dup/vec4;
    %pushi/vec4 0, 0, 7;
    %cmp/u;
    %jmp/1 T_1.15, 6;
    %dup/vec4;
    %pushi/vec4 32, 0, 7;
    %cmp/u;
    %jmp/1 T_1.16, 6;
    %jmp T_1.17;
T_1.15 ;
    %load/vec4 v0x55ac8f190c10_0;
    %pad/u 7;
    %ix/vec4 4;
    %load/vec4a v0x55ac8f18fda0, 4;
    %load/vec4 v0x55ac8f190cf0_0;
    %pad/u 7;
    %ix/vec4 4;
    %load/vec4a v0x55ac8f18fda0, 4;
    %add;
    %load/vec4 v0x55ac8f190b30_0;
    %pad/u 7;
    %ix/vec4 3;
    %ix/load 4, 0, 0; Constant delay
    %assign/vec4/a/d v0x55ac8f18fda0, 0, 4;
    %jmp T_1.17;
T_1.16 ;
    %load/vec4 v0x55ac8f190c10_0;
    %pad/u 7;
    %ix/vec4 4;
    %load/vec4a v0x55ac8f18fda0, 4;
    %load/vec4 v0x55ac8f190cf0_0;
    %pad/u 7;
    %ix/vec4 4;
    %load/vec4a v0x55ac8f18fda0, 4;
    %sub;
    %load/vec4 v0x55ac8f190b30_0;
    %pad/u 7;
    %ix/vec4 3;
    %ix/load 4, 0, 0; Constant delay
    %assign/vec4/a/d v0x55ac8f18fda0, 0, 4;
    %jmp T_1.17;
T_1.17 ;
    %pop/vec4 1;
    %jmp T_1.14;
T_1.11 ;
    %load/vec4 v0x55ac8f190500_0;
    %dup/vec4;
    %pushi/vec4 0, 0, 7;
    %cmp/u;
    %jmp/1 T_1.18, 6;
    %jmp T_1.19;
T_1.18 ;
    %load/vec4 v0x55ac8f190c10_0;
    %pad/u 7;
    %ix/vec4 4;
    %load/vec4a v0x55ac8f18fda0, 4;
    %load/vec4 v0x55ac8f190cf0_0;
    %pad/u 7;
    %ix/vec4 4;
    %load/vec4a v0x55ac8f18fda0, 4;
    %xor;
    %load/vec4 v0x55ac8f190b30_0;
    %pad/u 7;
    %ix/vec4 3;
    %ix/load 4, 0, 0; Constant delay
    %assign/vec4/a/d v0x55ac8f18fda0, 0, 4;
    %jmp T_1.19;
T_1.19 ;
    %pop/vec4 1;
    %jmp T_1.14;
T_1.12 ;
    %load/vec4 v0x55ac8f190500_0;
    %dup/vec4;
    %pushi/vec4 0, 0, 7;
    %cmp/u;
    %jmp/1 T_1.20, 6;
    %jmp T_1.21;
T_1.20 ;
    %load/vec4 v0x55ac8f190c10_0;
    %pad/u 7;
    %ix/vec4 4;
    %load/vec4a v0x55ac8f18fda0, 4;
    %load/vec4 v0x55ac8f190cf0_0;
    %pad/u 7;
    %ix/vec4 4;
    %load/vec4a v0x55ac8f18fda0, 4;
    %or;
    %load/vec4 v0x55ac8f190b30_0;
    %pad/u 7;
    %ix/vec4 3;
    %ix/load 4, 0, 0; Constant delay
    %assign/vec4/a/d v0x55ac8f18fda0, 0, 4;
    %jmp T_1.21;
T_1.21 ;
    %pop/vec4 1;
    %jmp T_1.14;
T_1.13 ;
    %load/vec4 v0x55ac8f190500_0;
    %dup/vec4;
    %pushi/vec4 0, 0, 7;
    %cmp/u;
    %jmp/1 T_1.22, 6;
    %jmp T_1.23;
T_1.22 ;
    %load/vec4 v0x55ac8f190c10_0;
    %pad/u 7;
    %ix/vec4 4;
    %load/vec4a v0x55ac8f18fda0, 4;
    %load/vec4 v0x55ac8f190cf0_0;
    %pad/u 7;
    %ix/vec4 4;
    %load/vec4a v0x55ac8f18fda0, 4;
    %and;
    %load/vec4 v0x55ac8f190b30_0;
    %pad/u 7;
    %ix/vec4 3;
    %ix/load 4, 0, 0; Constant delay
    %assign/vec4/a/d v0x55ac8f18fda0, 0, 4;
    %jmp T_1.23;
T_1.23 ;
    %pop/vec4 1;
    %jmp T_1.14;
T_1.14 ;
    %pop/vec4 1;
    %jmp T_1.9;
T_1.7 ;
    %load/vec4 v0x55ac8f190420_0;
    %dup/vec4;
    %pushi/vec4 0, 0, 3;
    %cmp/u;
    %jmp/1 T_1.24, 6;
    %dup/vec4;
    %pushi/vec4 4, 0, 3;
    %cmp/u;
    %jmp/1 T_1.25, 6;
    %dup/vec4;
    %pushi/vec4 6, 0, 3;
    %cmp/u;
    %jmp/1 T_1.26, 6;
    %dup/vec4;
    %pushi/vec4 7, 0, 3;
    %cmp/u;
    %jmp/1 T_1.27, 6;
    %jmp T_1.28;
T_1.24 ;
    %load/vec4 v0x55ac8f190c10_0;
    %pad/u 7;
    %ix/vec4 4;
    %load/vec4a v0x55ac8f18fda0, 4;
    %load/vec4 v0x55ac8f14cd10_0;
    %add;
    %load/vec4 v0x55ac8f190b30_0;
    %pad/u 7;
    %ix/vec4 3;
    %ix/load 4, 0, 0; Constant delay
    %assign/vec4/a/d v0x55ac8f18fda0, 0, 4;
    %jmp T_1.28;
T_1.25 ;
    %load/vec4 v0x55ac8f190c10_0;
    %pad/u 7;
    %ix/vec4 4;
    %load/vec4a v0x55ac8f18fda0, 4;
    %load/vec4 v0x55ac8f14cd10_0;
    %xor;
    %load/vec4 v0x55ac8f190b30_0;
    %pad/u 7;
    %ix/vec4 3;
    %ix/load 4, 0, 0; Constant delay
    %assign/vec4/a/d v0x55ac8f18fda0, 0, 4;
    %jmp T_1.28;
T_1.26 ;
    %load/vec4 v0x55ac8f190c10_0;
    %pad/u 7;
    %ix/vec4 4;
    %load/vec4a v0x55ac8f18fda0, 4;
    %load/vec4 v0x55ac8f14cd10_0;
    %or;
    %load/vec4 v0x55ac8f190b30_0;
    %pad/u 7;
    %ix/vec4 3;
    %ix/load 4, 0, 0; Constant delay
    %assign/vec4/a/d v0x55ac8f18fda0, 0, 4;
    %jmp T_1.28;
T_1.27 ;
    %load/vec4 v0x55ac8f190c10_0;
    %pad/u 7;
    %ix/vec4 4;
    %load/vec4a v0x55ac8f18fda0, 4;
    %load/vec4 v0x55ac8f14cd10_0;
    %and;
    %load/vec4 v0x55ac8f190b30_0;
    %pad/u 7;
    %ix/vec4 3;
    %ix/load 4, 0, 0; Constant delay
    %assign/vec4/a/d v0x55ac8f18fda0, 0, 4;
    %jmp T_1.28;
T_1.28 ;
    %pop/vec4 1;
    %jmp T_1.9;
T_1.8 ;
    %load/vec4 v0x55ac8f14cd10_0;
    %load/vec4 v0x55ac8f190b30_0;
    %pad/u 7;
    %ix/vec4 3;
    %ix/load 4, 0, 0; Constant delay
    %assign/vec4/a/d v0x55ac8f18fda0, 0, 4;
    %jmp T_1.9;
T_1.9 ;
    %pop/vec4 1;
T_1.4 ;
T_1.1 ;
    %jmp T_1;
    .thread T_1;
    .scope S_0x55ac8f11f030;
T_2 ;
    %wait E_0x55ac8f158800;
    %load/vec4 v0x55ac8f190dd0_0;
    %flag_set/vec4 8;
    %jmp/0xz  T_2.0, 8;
    %pushi/vec4 0, 0, 32;
    %assign/vec4 v0x55ac8f1907d0_0, 0;
    %jmp T_2.1;
T_2.0 ;
    %load/vec4 v0x55ac8f18fe60_0;
    %flag_set/vec4 8;
    %jmp/0xz  T_2.2, 8;
    %load/vec4 v0x55ac8f1907d0_0;
    %addi 4, 0, 32;
    %assign/vec4 v0x55ac8f1907d0_0, 0;
T_2.2 ;
T_2.1 ;
    %jmp T_2;
    .thread T_2;
    .scope S_0x55ac8f11f030;
T_3 ;
    %wait E_0x55ac8f158800;
    %load/vec4 v0x55ac8f190dd0_0;
    %flag_set/vec4 8;
    %jmp/0xz  T_3.0, 8;
    %pushi/vec4 0, 0, 32;
    %assign/vec4 v0x55ac8f18ffe0_0, 0;
    %jmp T_3.1;
T_3.0 ;
    %load/vec4 v0x55ac8f14c280_0;
    %flag_set/vec4 8;
    %jmp/0xz  T_3.2, 8;
    %load/vec4 v0x55ac8f190a50_0;
    %dup/vec4;
    %pushi/vec4 35, 0, 7;
    %cmp/u;
    %jmp/1 T_3.4, 6;
    %jmp T_3.5;
T_3.4 ;
    %load/vec4 v0x55ac8f190c10_0;
    %pad/u 7;
    %ix/vec4 4;
    %load/vec4a v0x55ac8f18fda0, 4;
    %load/vec4 v0x55ac8f14cd10_0;
    %add;
    %assign/vec4 v0x55ac8f18ffe0_0, 0;
    %jmp T_3.5;
T_3.5 ;
    %pop/vec4 1;
T_3.2 ;
T_3.1 ;
    %jmp T_3;
    .thread T_3;
    .scope S_0x55ac8f11f030;
T_4 ;
    %wait E_0x55ac8f158800;
    %load/vec4 v0x55ac8f190dd0_0;
    %flag_set/vec4 8;
    %jmp/0xz  T_4.0, 8;
    %pushi/vec4 0, 0, 4;
    %assign/vec4 v0x55ac8f190340_0, 0;
    %jmp T_4.1;
T_4.0 ;
    %load/vec4 v0x55ac8f14c280_0;
    %flag_set/vec4 8;
    %jmp/0xz  T_4.2, 8;
    %load/vec4 v0x55ac8f190a50_0;
    %dup/vec4;
    %pushi/vec4 35, 0, 7;
    %cmp/u;
    %jmp/1 T_4.4, 6;
    %jmp T_4.5;
T_4.4 ;
    %load/vec4 v0x55ac8f190420_0;
    %dup/vec4;
    %pushi/vec4 2, 0, 3;
    %cmp/u;
    %jmp/1 T_4.6, 6;
    %jmp T_4.7;
T_4.6 ;
    %pushi/vec4 15, 0, 4;
    %assign/vec4 v0x55ac8f190340_0, 0;
    %jmp T_4.7;
T_4.7 ;
    %pop/vec4 1;
    %jmp T_4.5;
T_4.5 ;
    %pop/vec4 1;
    %jmp T_4.3;
T_4.2 ;
    %load/vec4 v0x55ac8f14dd30_0;
    %flag_set/vec4 8;
    %jmp/0xz  T_4.8, 8;
    %pushi/vec4 0, 0, 4;
    %assign/vec4 v0x55ac8f190340_0, 0;
T_4.8 ;
T_4.3 ;
T_4.1 ;
    %jmp T_4;
    .thread T_4;
    .scope S_0x55ac8f11f030;
T_5 ;
    %wait E_0x55ac8f158800;
    %load/vec4 v0x55ac8f190dd0_0;
    %flag_set/vec4 8;
    %jmp/0xz  T_5.0, 8;
    %pushi/vec4 0, 0, 32;
    %assign/vec4 v0x55ac8f1900c0_0, 0;
    %jmp T_5.1;
T_5.0 ;
    %load/vec4 v0x55ac8f14c280_0;
    %flag_set/vec4 8;
    %jmp/0xz  T_5.2, 8;
    %load/vec4 v0x55ac8f190a50_0;
    %dup/vec4;
    %pushi/vec4 35, 0, 7;
    %cmp/u;
    %jmp/1 T_5.4, 6;
    %jmp T_5.5;
T_5.4 ;
    %load/vec4 v0x55ac8f190c10_0;
    %pad/u 7;
    %ix/vec4 4;
    %load/vec4a v0x55ac8f18fda0, 4;
    %parti/s 2, 0, 2;
    %load/vec4 v0x55ac8f14cd10_0;
    %parti/s 2, 0, 2;
    %add;
    %cmpi/e 0, 0, 2;
    %jmp/0xz  T_5.6, 4;
    %load/vec4 v0x55ac8f190cf0_0;
    %pad/u 7;
    %ix/vec4 4;
    %load/vec4a v0x55ac8f18fda0, 4;
    %assign/vec4 v0x55ac8f1900c0_0, 0;
T_5.6 ;
    %jmp T_5.5;
T_5.5 ;
    %pop/vec4 1;
T_5.2 ;
T_5.1 ;
    %jmp T_5;
    .thread T_5;
    .scope S_0x55ac8f11f030;
T_6 ;
    %wait E_0x55ac8f158800;
    %load/vec4 v0x55ac8f190dd0_0;
    %flag_set/vec4 8;
    %jmp/0xz  T_6.0, 8;
    %pushi/vec4 0, 0, 3;
    %assign/vec4 v0x55ac8f14c1e0_0, 0;
    %jmp T_6.1;
T_6.0 ;
    %load/vec4 v0x55ac8f14f060_0;
    %assign/vec4 v0x55ac8f14c1e0_0, 0;
T_6.1 ;
    %jmp T_6;
    .thread T_6;
    .scope S_0x55ac8f11f030;
T_7 ;
    %wait E_0x55ac8f158220;
    %load/vec4 v0x55ac8f14c1e0_0;
    %dup/vec4;
    %pushi/vec4 0, 0, 3;
    %cmp/u;
    %jmp/1 T_7.0, 6;
    %dup/vec4;
    %pushi/vec4 1, 0, 3;
    %cmp/u;
    %jmp/1 T_7.1, 6;
    %dup/vec4;
    %pushi/vec4 2, 0, 3;
    %cmp/u;
    %jmp/1 T_7.2, 6;
    %dup/vec4;
    %pushi/vec4 3, 0, 3;
    %cmp/u;
    %jmp/1 T_7.3, 6;
    %dup/vec4;
    %pushi/vec4 4, 0, 3;
    %cmp/u;
    %jmp/1 T_7.4, 6;
    %dup/vec4;
    %pushi/vec4 5, 0, 3;
    %cmp/u;
    %jmp/1 T_7.5, 6;
    %pushi/vec4 6, 0, 3;
    %store/vec4 v0x55ac8f14f060_0, 0, 3;
    %jmp T_7.7;
T_7.0 ;
    %pushi/vec4 1, 0, 3;
    %store/vec4 v0x55ac8f14f060_0, 0, 3;
    %jmp T_7.7;
T_7.1 ;
    %pushi/vec4 2, 0, 3;
    %store/vec4 v0x55ac8f14f060_0, 0, 3;
    %jmp T_7.7;
T_7.2 ;
    %pushi/vec4 3, 0, 3;
    %store/vec4 v0x55ac8f14f060_0, 0, 3;
    %jmp T_7.7;
T_7.3 ;
    %pushi/vec4 4, 0, 3;
    %store/vec4 v0x55ac8f14f060_0, 0, 3;
    %jmp T_7.7;
T_7.4 ;
    %pushi/vec4 5, 0, 3;
    %store/vec4 v0x55ac8f14f060_0, 0, 3;
    %jmp T_7.7;
T_7.5 ;
    %pushi/vec4 1, 0, 3;
    %store/vec4 v0x55ac8f14f060_0, 0, 3;
    %jmp T_7.7;
T_7.7 ;
    %pop/vec4 1;
    %jmp T_7;
    .thread T_7, $push;
    .scope S_0x55ac8f11f030;
T_8 ;
    %wait E_0x55ac8f158220;
    %load/vec4 v0x55ac8f14c1e0_0;
    %dup/vec4;
    %pushi/vec4 0, 0, 3;
    %cmp/u;
    %jmp/1 T_8.0, 6;
    %dup/vec4;
    %pushi/vec4 1, 0, 3;
    %cmp/u;
    %jmp/1 T_8.1, 6;
    %dup/vec4;
    %pushi/vec4 2, 0, 3;
    %cmp/u;
    %jmp/1 T_8.2, 6;
    %dup/vec4;
    %pushi/vec4 3, 0, 3;
    %cmp/u;
    %jmp/1 T_8.3, 6;
    %dup/vec4;
    %pushi/vec4 4, 0, 3;
    %cmp/u;
    %jmp/1 T_8.4, 6;
    %dup/vec4;
    %pushi/vec4 5, 0, 3;
    %cmp/u;
    %jmp/1 T_8.5, 6;
    %pushi/vec4 0, 0, 1;
    %store/vec4 v0x55ac8f14dc90_0, 0, 1;
    %pushi/vec4 0, 0, 1;
    %store/vec4 v0x55ac8f14cdb0_0, 0, 1;
    %pushi/vec4 0, 0, 1;
    %store/vec4 v0x55ac8f14c280_0, 0, 1;
    %pushi/vec4 0, 0, 1;
    %store/vec4 v0x55ac8f14dd30_0, 0, 1;
    %pushi/vec4 0, 0, 1;
    %store/vec4 v0x55ac8f18fe60_0, 0, 1;
    %jmp T_8.7;
T_8.0 ;
    %pushi/vec4 0, 0, 1;
    %store/vec4 v0x55ac8f14dc90_0, 0, 1;
    %pushi/vec4 0, 0, 1;
    %store/vec4 v0x55ac8f14cdb0_0, 0, 1;
    %pushi/vec4 0, 0, 1;
    %store/vec4 v0x55ac8f14c280_0, 0, 1;
    %pushi/vec4 0, 0, 1;
    %store/vec4 v0x55ac8f14dd30_0, 0, 1;
    %pushi/vec4 0, 0, 1;
    %store/vec4 v0x55ac8f18fe60_0, 0, 1;
    %jmp T_8.7;
T_8.1 ;
    %pushi/vec4 1, 0, 1;
    %store/vec4 v0x55ac8f14dc90_0, 0, 1;
    %pushi/vec4 0, 0, 1;
    %store/vec4 v0x55ac8f14cdb0_0, 0, 1;
    %pushi/vec4 0, 0, 1;
    %store/vec4 v0x55ac8f14c280_0, 0, 1;
    %pushi/vec4 0, 0, 1;
    %store/vec4 v0x55ac8f14dd30_0, 0, 1;
    %pushi/vec4 0, 0, 1;
    %store/vec4 v0x55ac8f18fe60_0, 0, 1;
    %jmp T_8.7;
T_8.2 ;
    %pushi/vec4 0, 0, 1;
    %store/vec4 v0x55ac8f14dc90_0, 0, 1;
    %pushi/vec4 1, 0, 1;
    %store/vec4 v0x55ac8f14cdb0_0, 0, 1;
    %pushi/vec4 0, 0, 1;
    %store/vec4 v0x55ac8f14c280_0, 0, 1;
    %pushi/vec4 0, 0, 1;
    %store/vec4 v0x55ac8f14dd30_0, 0, 1;
    %pushi/vec4 0, 0, 1;
    %store/vec4 v0x55ac8f18fe60_0, 0, 1;
    %jmp T_8.7;
T_8.3 ;
    %pushi/vec4 0, 0, 1;
    %store/vec4 v0x55ac8f14dc90_0, 0, 1;
    %pushi/vec4 0, 0, 1;
    %store/vec4 v0x55ac8f14cdb0_0, 0, 1;
    %pushi/vec4 1, 0, 1;
    %store/vec4 v0x55ac8f14c280_0, 0, 1;
    %pushi/vec4 0, 0, 1;
    %store/vec4 v0x55ac8f14dd30_0, 0, 1;
    %pushi/vec4 0, 0, 1;
    %store/vec4 v0x55ac8f18fe60_0, 0, 1;
    %jmp T_8.7;
T_8.4 ;
    %pushi/vec4 0, 0, 1;
    %store/vec4 v0x55ac8f14dc90_0, 0, 1;
    %pushi/vec4 0, 0, 1;
    %store/vec4 v0x55ac8f14cdb0_0, 0, 1;
    %pushi/vec4 0, 0, 1;
    %store/vec4 v0x55ac8f14c280_0, 0, 1;
    %pushi/vec4 1, 0, 1;
    %store/vec4 v0x55ac8f14dd30_0, 0, 1;
    %pushi/vec4 0, 0, 1;
    %store/vec4 v0x55ac8f18fe60_0, 0, 1;
    %jmp T_8.7;
T_8.5 ;
    %pushi/vec4 0, 0, 1;
    %store/vec4 v0x55ac8f14dc90_0, 0, 1;
    %pushi/vec4 0, 0, 1;
    %store/vec4 v0x55ac8f14cdb0_0, 0, 1;
    %pushi/vec4 0, 0, 1;
    %store/vec4 v0x55ac8f14c280_0, 0, 1;
    %pushi/vec4 0, 0, 1;
    %store/vec4 v0x55ac8f14dd30_0, 0, 1;
    %pushi/vec4 1, 0, 1;
    %store/vec4 v0x55ac8f18fe60_0, 0, 1;
    %jmp T_8.7;
T_8.7 ;
    %pop/vec4 1;
    %jmp T_8;
    .thread T_8, $push;
# The file index is used to find the file name in the following table.
:file_names 3;
    "N/A";
    "<interactive>";
    "CPU.v";
